building Nix...
building the system configuration...
these 15 derivations will be built:
  /nix/store/0c7pq0448sb0vak1v4k9qamjc6f88i1l-unit-pipewire.service-disabled.drv
  /nix/store/w247l65aygjldn30i6plixxqb6x9z6j8-hm_hyprhyprland.conf.drv
  /nix/store/61w5lgs2ywp3vpk26w30nh1s0mx6ricn-activation-script.drv
  /nix/store/7wzp1kwvfal3yfjn8m8ya8a090i3yidd-unit-console-getty.service-disabled.drv
  /nix/store/zlmdfvfah8scc4jybb6driskarq8ffr3-home-manager-files.drv
  /nix/store/q55isylnvyxxdqfwzy7zkh93y2j7vdrh-home-manager-generation.drv
  /nix/store/c75ch409xsggvd8119kwn5hqkkvjqnj6-unit-home-manager-itsscb.service.drv
  /nix/store/mk9c72i57bkwmwac36mfcg6hiwpichp1-unit-wireplumber.service-disabled.drv
  /nix/store/vy3fp7za794vkahp9gqz48kiabn2w7v4-unit-pipewire.socket-disabled.drv
  /nix/store/iq3kxs4kks6q374d6h1s1vsmqvkdgx2v-system-units.drv
  /nix/store/g8v1djxdsz5x07yf3awnlnirrjnj6mwa-etc.drv
  /nix/store/k4rrdh15rz9c7zmhbcqb5c24ql255y93-boot.json.drv
  /nix/store/vq3v7vv23r82axsxmpzi1a6g8s2z02x5-stage-2-init.sh.drv
  /nix/store/yyjmbnq8q26685ghwjwzb12zk72xryh9-ensure-all-wrappers-paths-exist.drv
  /nix/store/raqq0zbyizy5rn9dg8rlrg1i0wrd1vfn-nixos-system-scbnb-24.05pre625274.205781405197.drv
these 3 paths will be fetched (0.02 MiB download, 0.07 MiB unpacked):
  /nix/store/r25jqybf7xs83k596glpj98mq5g8lx46-lndir-1.0.5
  /nix/store/lgam1kdqv5fbkwwcs7msjj9a2a5s5i4h-stdenv-linux
  /nix/store/rzfz4gznk9ls6asm2ayylvjjh1hsqba7-xkb-validated
copying path '/nix/store/rzfz4gznk9ls6asm2ayylvjjh1hsqba7-xkb-validated' from 'https://cache.nixos.org'...
copying path '/nix/store/lgam1kdqv5fbkwwcs7msjj9a2a5s5i4h-stdenv-linux' from 'https://cache.nixos.org'...
copying path '/nix/store/r25jqybf7xs83k596glpj98mq5g8lx46-lndir-1.0.5' from 'https://cache.nixos.org'...
building '/nix/store/k4rrdh15rz9c7zmhbcqb5c24ql255y93-boot.json.drv'...
building '/nix/store/yyjmbnq8q26685ghwjwzb12zk72xryh9-ensure-all-wrappers-paths-exist.drv'...
building '/nix/store/w247l65aygjldn30i6plixxqb6x9z6j8-hm_hyprhyprland.conf.drv'...
building '/nix/store/vq3v7vv23r82axsxmpzi1a6g8s2z02x5-stage-2-init.sh.drv'...
building '/nix/store/7wzp1kwvfal3yfjn8m8ya8a090i3yidd-unit-console-getty.service-disabled.drv'...
building '/nix/store/0c7pq0448sb0vak1v4k9qamjc6f88i1l-unit-pipewire.service-disabled.drv'...
building '/nix/store/vy3fp7za794vkahp9gqz48kiabn2w7v4-unit-pipewire.socket-disabled.drv'...
building '/nix/store/mk9c72i57bkwmwac36mfcg6hiwpichp1-unit-wireplumber.service-disabled.drv'...
Checking that Nix store paths of all wrapped programs exist... OK
building '/nix/store/61w5lgs2ywp3vpk26w30nh1s0mx6ricn-activation-script.drv'...
building '/nix/store/zlmdfvfah8scc4jybb6driskarq8ffr3-home-manager-files.drv'...
building '/nix/store/q55isylnvyxxdqfwzy7zkh93y2j7vdrh-home-manager-generation.drv'...
building '/nix/store/c75ch409xsggvd8119kwn5hqkkvjqnj6-unit-home-manager-itsscb.service.drv'...
building '/nix/store/iq3kxs4kks6q374d6h1s1vsmqvkdgx2v-system-units.drv'...
building '/nix/store/g8v1djxdsz5x07yf3awnlnirrjnj6mwa-etc.drv'...
building '/nix/store/raqq0zbyizy5rn9dg8rlrg1i0wrd1vfn-nixos-system-scbnb-24.05pre625274.205781405197.drv'...
activating the configuration...
setting up /etc...
modifying secret: git
reloading user units for itsscb...
restarting sysinit-reactivation.target
restarting the following units: home-manager-itsscb.service
the following new units were started: sysinit-reactivation.target, systemd-tmpfiles-resetup.service
